build/intermediates/manifest_merge_blame_file/androidMain/processAndroidMainManifest/manifest-merger-blame-main-report.txt
1<?xml version="1.0" encoding="utf-8"?>
2<manifest xmlns:android="http://schemas.android.com/apk/res/android"
3    xmlns:tools="http://schemas.android.com/tools"
4    package="org.corexero.sutradhar" > <!-- <service -->
5    <!-- android:name=".notification.MyFirebaseMessagingService" -->
6    <!-- android:exported="false"> -->
7    <!-- <intent-filter> -->
8    <!-- <action android:name="com.google.firebase.MESSAGING_EVENT" /> -->
9    <!-- </intent-filter> -->
10    <!-- </service> -->
11    <!-- &lt;!&ndash; Set custom default icon. This is used when no icon is set for incoming notification messages. -->
12    <!-- See README(https://goo.gl/l4GJaQ) for more. &ndash;&gt; -->
13    <!-- <meta-data -->
14    <!-- android:name="com.google.firebase.messaging.default_notification_icon" -->
15    <!-- android:resource="@drawable/ic_stat_ic_notification" /> -->
16    <!-- &lt;!&ndash; Set color used with incoming notification messages. This is used when no color is set for the incoming -->
17    <!-- notification message. See README(https://goo.gl/6BKBk7) for more. &ndash;&gt; -->
18    <!-- <meta-data -->
19    <!-- android:name="com.google.firebase.messaging.default_notification_color" -->
20    <!-- android:resource="@color/colorAccent" /> -->
21    <uses-sdk android:minSdkVersion="24" />
22
23    <uses-permission android:name="android.permission.INTERNET" />
23-->src/androidMain/AndroidManifest.xml:5:5-67
23-->src/androidMain/AndroidManifest.xml:5:22-64
24    <uses-permission android:name="android.permission.ACCESS_FINE_LOCATION" />
24-->src/androidMain/AndroidManifest.xml:6:5-79
24-->src/androidMain/AndroidManifest.xml:6:22-76
25    <uses-permission android:name="android.permission.ACCESS_COARSE_LOCATION" />
25-->src/androidMain/AndroidManifest.xml:7:5-81
25-->src/androidMain/AndroidManifest.xml:7:22-78
26    <uses-permission
26-->src/androidMain/AndroidManifest.xml:8:5-96
27        android:name="android.permission.POST_NOTIFICATIONS"
27-->src/androidMain/AndroidManifest.xml:8:22-74
28        tools:node="remove" />
28-->src/androidMain/AndroidManifest.xml:8:75-94
29
30</manifest>